<?xml version="1.0" encoding="UTF-8" ?>
<testsuite failures="0" time="0.054" errors="0" skipped="0" tests="3" name="university.kuzenko.db.impl.DataBaseImplTest">
  <properties>
[...]
</properties>
  <testcase time="0.01" classname="university.kuzenko.db.impl.DataBaseImplTest" name="testCreateTable"/>
  <testcase time="0.002" classname="university.kuzenko.db.impl.DataBaseImplTest" name="testProjection"/>
  <testcase time="0.024" classname="university.kuzenko.db.impl.DataBaseImplTest" name="testLoadAndSave"/>
</testsuite>